<?xml version="1.0" encoding="UTF-8"?>
<testng-results ignored="0" total="1" passed="1" failed="0" skipped="0">
  <reporter-output>
  </reporter-output>
  <suite started-at="2025-03-15T22:52:17 IST" name="Default suite" finished-at="2025-03-15T22:52:22 IST" duration-ms="5168">
    <groups>
    </groups>
    <test started-at="2025-03-15T22:52:17 IST" name="Default test" finished-at="2025-03-15T22:52:22 IST" duration-ms="5168">
      <class name="day3.CookiesAndHeader">
        <test-method signature="cookiesAndHeader()[pri:0, instance:day3.CookiesAndHeader@54e1c68b]" started-at="2025-03-15T22:52:17 IST" name="cookiesAndHeader" finished-at="2025-03-15T22:52:22 IST" duration-ms="5078" status="PASS">
          <reporter-output>
          </reporter-output>
        </test-method> <!-- cookiesAndHeader -->
      </class> <!-- day3.CookiesAndHeader -->
    </test> <!-- Default test -->
  </suite> <!-- Default suite -->
</testng-results>
