<?xml version="1.0" encoding="UTF-8"?>
<!-- Generated by org.testng.reporters.JUnitReportReporter -->
<testsuite hostname="LAPTOP-Q7HOVIES" failures="0" tests="4" name="day1.HTTRequests" time="6.610" errors="0" timestamp="2025-03-13T15:36:37 IST" skipped="0">
  <testcase classname="day1.HTTRequests" name="getUser" time="4.626"/>
  <testcase classname="day1.HTTRequests" name="createUser" time="1.104"/>
  <testcase classname="day1.HTTRequests" name="updateUser" time="0.453"/>
  <testcase classname="day1.HTTRequests" name="deleteUser" time="0.427"/>
</testsuite> <!-- day1.HTTRequests -->
